<?xml version="1.0" encoding="UTF-8"?>
<testng-results skipped="0" failed="0" total="1" passed="1">
  <reporter-output>
  </reporter-output>
  <suite name="Command line suite" duration-ms="10" started-at="2019-02-28T11:04:14Z" finished-at="2019-02-28T11:04:14Z">
    <groups>
    </groups>
    <test name="Command line test" duration-ms="10" started-at="2019-02-28T11:04:14Z" finished-at="2019-02-28T11:04:14Z">
      <class name="com.QaInfotech.PageObjects.AppTest">
        <test-method status="PASS" signature="testApp()[pri:0, instance:testApp(com.QaInfotech.PageObjects.AppTest)]" name="testApp" duration-ms="2" started-at="2019-02-28T16:34:14Z" finished-at="2019-02-28T16:34:14Z">
          <reporter-output>
          </reporter-output>
        </test-method> <!-- testApp -->
      </class> <!-- com.QaInfotech.PageObjects.AppTest -->
    </test> <!-- Command line test -->
  </suite> <!-- Command line suite -->
</testng-results>
